<?xml version="1.0" encoding="UTF-8"?>
<testsuites>
  <testsuite name="CodeIgniter Application Test Suite" tests="3" assertions="3" failures="0" errors="0" time="0.108522">
    <testsuite name="Welcome_test" file="E:\Application\XAMPP\htdocs\ToyStore\application\tests\controllers\Welcome_test.php" fullPackage="Welcome" tests="3" assertions="3" failures="0" errors="0" time="0.108522">
      <testcase name="test_home_index" class="Welcome_test" file="E:\Application\XAMPP\htdocs\ToyStore\application\tests\controllers\Welcome_test.php" line="13" assertions="1" time="0.058149"/>
      <testcase name="test_method_404" class="Welcome_test" file="E:\Application\XAMPP\htdocs\ToyStore\application\tests\controllers\Welcome_test.php" line="19" assertions="1" time="0.029406"/>
      <testcase name="test_APPPATH" class="Welcome_test" file="E:\Application\XAMPP\htdocs\ToyStore\application\tests\controllers\Welcome_test.php" line="25" assertions="1" time="0.020967"/>
    </testsuite>
  </testsuite>
</testsuites>
