<?xml version="1.0" encoding="UTF-8"?>
<testsuites>
  <testsuite name="CodeIgniter Application Test Suite" tests="38" assertions="52" failures="1" errors="0" time="2.203695">
    <testsuite name="Crud_test" file="E:\Application\XAMPP\htdocs\ToyStore\application\tests\controllers\Crud_test.php" fullPackage="Crud" tests="3" assertions="5" failures="1" errors="0" time="0.468911">
      <testcase name="test_createProduct" class="Crud_test" file="E:\Application\XAMPP\htdocs\ToyStore\application\tests\controllers\Crud_test.php" line="10" assertions="2" time="0.213247"/>
      <testcase name="test_editProduct" class="Crud_test" file="E:\Application\XAMPP\htdocs\ToyStore\application\tests\controllers\Crud_test.php" line="35" assertions="1" time="0.067698">
        <failure type="PHPUnit_Framework_ExpectationFailedException">Crud_test::test_editProduct
Failed asserting that null matches expected 'test'.

E:\Application\XAMPP\htdocs\ToyStore\application\tests\controllers\Crud_test.php:49
</failure>
      </testcase>
      <testcase name="test_deleteProduct" class="Crud_test" file="E:\Application\XAMPP\htdocs\ToyStore\application\tests\controllers\Crud_test.php" line="53" assertions="2" time="0.187966"/>
    </testsuite>
    <testsuite name="Login_test" file="E:\Application\XAMPP\htdocs\ToyStore\application\tests\controllers\Login_test.php" fullPackage="Login" tests="10" assertions="22" failures="0" errors="0" time="0.476575">
      <testcase name="test_user_login_process_tolakSessionUser" class="Login_test" file="E:\Application\XAMPP\htdocs\ToyStore\application\tests\controllers\Login_test.php" line="5" assertions="1" time="0.042270"/>
      <testcase name="test_user_login_process_tolakSessionAdmin" class="Login_test" file="E:\Application\XAMPP\htdocs\ToyStore\application\tests\controllers\Login_test.php" line="11" assertions="1" time="0.031601"/>
      <testcase name="test_user_login_process_masukAdmin" class="Login_test" file="E:\Application\XAMPP\htdocs\ToyStore\application\tests\controllers\Login_test.php" line="17" assertions="2" time="0.081689"/>
      <testcase name="test_user_login_process_masukUser" class="Login_test" file="E:\Application\XAMPP\htdocs\ToyStore\application\tests\controllers\Login_test.php" line="27" assertions="2" time="0.048486"/>
      <testcase name="test_user_login_process_nousername" class="Login_test" file="E:\Application\XAMPP\htdocs\ToyStore\application\tests\controllers\Login_test.php" line="37" assertions="3" time="0.042622"/>
      <testcase name="test_user_login_process_nopassword" class="Login_test" file="E:\Application\XAMPP\htdocs\ToyStore\application\tests\controllers\Login_test.php" line="48" assertions="3" time="0.043982"/>
      <testcase name="test_user_login_process_usernameunmatch" class="Login_test" file="E:\Application\XAMPP\htdocs\ToyStore\application\tests\controllers\Login_test.php" line="59" assertions="3" time="0.040581"/>
      <testcase name="test_user_login_process_passwordunmatch" class="Login_test" file="E:\Application\XAMPP\htdocs\ToyStore\application\tests\controllers\Login_test.php" line="71" assertions="3" time="0.048318"/>
      <testcase name="test_user_login_process_usernamepasswordunmatch" class="Login_test" file="E:\Application\XAMPP\htdocs\ToyStore\application\tests\controllers\Login_test.php" line="83" assertions="3" time="0.049991"/>
      <testcase name="test_logout" class="Login_test" file="E:\Application\XAMPP\htdocs\ToyStore\application\tests\controllers\Login_test.php" line="95" assertions="1" time="0.047035"/>
    </testsuite>
    <testsuite name="Register_test" file="E:\Application\XAMPP\htdocs\ToyStore\application\tests\controllers\Register_test.php" fullPackage="Register" tests="6" assertions="6" failures="0" errors="0" time="0.414393">
      <testcase name="test_userAuthentication_new_user_registration" class="Register_test" file="E:\Application\XAMPP\htdocs\ToyStore\application\tests\controllers\Register_test.php" line="6" assertions="1" time="0.202452"/>
      <testcase name="test_userAuthentication_new_user_registration_alreadyExist" class="Register_test" file="E:\Application\XAMPP\htdocs\ToyStore\application\tests\controllers\Register_test.php" line="20" assertions="1" time="0.054928"/>
      <testcase name="test_userAuthentication_new_user_registration_null" class="Register_test" file="E:\Application\XAMPP\htdocs\ToyStore\application\tests\controllers\Register_test.php" line="34" assertions="1" time="0.037851"/>
      <testcase name="test_userAuthentication_new_user_registration_Username_null" class="Register_test" file="E:\Application\XAMPP\htdocs\ToyStore\application\tests\controllers\Register_test.php" line="49" assertions="1" time="0.038739"/>
      <testcase name="test_userAuthentication_new_user_registration_email_value_null" class="Register_test" file="E:\Application\XAMPP\htdocs\ToyStore\application\tests\controllers\Register_test.php" line="63" assertions="1" time="0.039449"/>
      <testcase name="test_userAuthentication_new_user_registration_password_null" class="Register_test" file="E:\Application\XAMPP\htdocs\ToyStore\application\tests\controllers\Register_test.php" line="77" assertions="1" time="0.040974"/>
    </testsuite>
    <testsuite name="View_test" file="E:\Application\XAMPP\htdocs\ToyStore\application\tests\controllers\View_test.php" fullPackage="View" tests="19" assertions="19" failures="0" errors="0" time="0.843816">
      <testcase name="test_home_index" class="View_test" file="E:\Application\XAMPP\htdocs\ToyStore\application\tests\controllers\View_test.php" line="13" assertions="1" time="0.068920"/>
      <testcase name="test_home_index_session" class="View_test" file="E:\Application\XAMPP\htdocs\ToyStore\application\tests\controllers\View_test.php" line="19" assertions="1" time="0.050090"/>
      <testcase name="test_singleProduct" class="View_test" file="E:\Application\XAMPP\htdocs\ToyStore\application\tests\controllers\View_test.php" line="28" assertions="1" time="0.050519"/>
      <testcase name="test_singleProduct_index_session" class="View_test" file="E:\Application\XAMPP\htdocs\ToyStore\application\tests\controllers\View_test.php" line="34" assertions="1" time="0.060577"/>
      <testcase name="test_home_admin_nosession" class="View_test" file="E:\Application\XAMPP\htdocs\ToyStore\application\tests\controllers\View_test.php" line="43" assertions="1" time="0.040352"/>
      <testcase name="test_home_admin_session_admin" class="View_test" file="E:\Application\XAMPP\htdocs\ToyStore\application\tests\controllers\View_test.php" line="49" assertions="1" time="0.089612"/>
      <testcase name="test_home_admin_session_nonadmin" class="View_test" file="E:\Application\XAMPP\htdocs\ToyStore\application\tests\controllers\View_test.php" line="56" assertions="1" time="0.029006"/>
      <testcase name="test_home_adminadd_nosession" class="View_test" file="E:\Application\XAMPP\htdocs\ToyStore\application\tests\controllers\View_test.php" line="64" assertions="1" time="0.028693"/>
      <testcase name="test_home_adminadd_session_admin" class="View_test" file="E:\Application\XAMPP\htdocs\ToyStore\application\tests\controllers\View_test.php" line="70" assertions="1" time="0.032705"/>
      <testcase name="test_home_adminadd_session_nonadmin" class="View_test" file="E:\Application\XAMPP\htdocs\ToyStore\application\tests\controllers\View_test.php" line="77" assertions="1" time="0.029680"/>
      <testcase name="test_home_adminedit_nosession" class="View_test" file="E:\Application\XAMPP\htdocs\ToyStore\application\tests\controllers\View_test.php" line="85" assertions="1" time="0.028848"/>
      <testcase name="test_home_adminedit_session_admin" class="View_test" file="E:\Application\XAMPP\htdocs\ToyStore\application\tests\controllers\View_test.php" line="91" assertions="1" time="0.032611"/>
      <testcase name="test_home_adminedit_session_nonadmin" class="View_test" file="E:\Application\XAMPP\htdocs\ToyStore\application\tests\controllers\View_test.php" line="98" assertions="1" time="0.029296"/>
      <testcase name="test_userAuthentic_index_nosession" class="View_test" file="E:\Application\XAMPP\htdocs\ToyStore\application\tests\controllers\View_test.php" line="106" assertions="1" time="0.047797"/>
      <testcase name="test_userAuthentic_index_session_admin" class="View_test" file="E:\Application\XAMPP\htdocs\ToyStore\application\tests\controllers\View_test.php" line="112" assertions="1" time="0.039558"/>
      <testcase name="test_userAuthentic_index_session_nonadmin" class="View_test" file="E:\Application\XAMPP\htdocs\ToyStore\application\tests\controllers\View_test.php" line="119" assertions="1" time="0.080546"/>
      <testcase name="test_userAuthentic_registration_nosession" class="View_test" file="E:\Application\XAMPP\htdocs\ToyStore\application\tests\controllers\View_test.php" line="127" assertions="1" time="0.040876"/>
      <testcase name="test_userAuthentic_registration_session_admin" class="View_test" file="E:\Application\XAMPP\htdocs\ToyStore\application\tests\controllers\View_test.php" line="133" assertions="1" time="0.032173"/>
      <testcase name="test_userAuthentic_registration_session_nonadmin" class="View_test" file="E:\Application\XAMPP\htdocs\ToyStore\application\tests\controllers\View_test.php" line="140" assertions="1" time="0.031957"/>
    </testsuite>
  </testsuite>
</testsuites>
