<?xml version="1.0" encoding="UTF-8"?>
<testsuites>
  <testsuite name="CodeIgniter Application Test Suite" tests="12" assertions="12" failures="0" errors="0" time="0.734667">
    <testsuite name="Welcome_test" file="E:\Application\XAMPP\htdocs\ToyStore\application\tests\controllers\Welcome_test.php" fullPackage="Welcome" tests="12" assertions="12" failures="0" errors="0" time="0.734667">
      <testcase name="test_home_index" class="Welcome_test" file="E:\Application\XAMPP\htdocs\ToyStore\application\tests\controllers\Welcome_test.php" line="13" assertions="1" time="0.100624"/>
      <testcase name="test_home_index_nosession" class="Welcome_test" file="E:\Application\XAMPP\htdocs\ToyStore\application\tests\controllers\Welcome_test.php" line="19" assertions="1" time="0.063400"/>
      <testcase name="test_home_index_session" class="Welcome_test" file="E:\Application\XAMPP\htdocs\ToyStore\application\tests\controllers\Welcome_test.php" line="27" assertions="1" time="0.075841"/>
      <testcase name="test_home_index_session_admin" class="Welcome_test" file="E:\Application\XAMPP\htdocs\ToyStore\application\tests\controllers\Welcome_test.php" line="35" assertions="1" time="0.079072"/>
      <testcase name="test_home_index_session_salahnama" class="Welcome_test" file="E:\Application\XAMPP\htdocs\ToyStore\application\tests\controllers\Welcome_test.php" line="43" assertions="1" time="0.087367"/>
      <testcase name="test_home_index_session_salahstatus" class="Welcome_test" file="E:\Application\XAMPP\htdocs\ToyStore\application\tests\controllers\Welcome_test.php" line="51" assertions="1" time="0.072704"/>
      <testcase name="test_singleProduct_index" class="Welcome_test" file="E:\Application\XAMPP\htdocs\ToyStore\application\tests\controllers\Welcome_test.php" line="59" assertions="1" time="0.042659"/>
      <testcase name="test_home_singleProduct_nosession" class="Welcome_test" file="E:\Application\XAMPP\htdocs\ToyStore\application\tests\controllers\Welcome_test.php" line="65" assertions="1" time="0.041689"/>
      <testcase name="test_singleProduct_index_session" class="Welcome_test" file="E:\Application\XAMPP\htdocs\ToyStore\application\tests\controllers\Welcome_test.php" line="73" assertions="1" time="0.043419"/>
      <testcase name="test_singleProduct_index_session_admin" class="Welcome_test" file="E:\Application\XAMPP\htdocs\ToyStore\application\tests\controllers\Welcome_test.php" line="81" assertions="1" time="0.045088"/>
      <testcase name="test_singleProduct_index_session_salahnama" class="Welcome_test" file="E:\Application\XAMPP\htdocs\ToyStore\application\tests\controllers\Welcome_test.php" line="89" assertions="1" time="0.040799"/>
      <testcase name="test_singleProduct_index_session_salahstatus" class="Welcome_test" file="E:\Application\XAMPP\htdocs\ToyStore\application\tests\controllers\Welcome_test.php" line="97" assertions="1" time="0.042006"/>
    </testsuite>
  </testsuite>
</testsuites>
